[2021-04-21T16:09:00.102877160+02:00] Looking for USER root
[2021-04-21T16:09:52.897798399+02:00] Looking for USER root
[2021-04-21T16:09:52.897892412+02:00] Looking for USER root, PASS toor
[2021-04-21T16:11:53.044198749+02:00] Looking for USER root
[2021-04-21T16:11:53.044302957+02:00] Looking for USER root, PASS toor
[2021-04-21T16:15:35.495014554+02:00] Looking for USER root
[2021-04-21T16:15:35.495111265+02:00] Looking for USER root, PASS toor
[2021-04-21T19:43:39.540959531+02:00] Looking for USER qwerty, PASS qwerty
[2021-04-21T19:43:39.540959531+02:00] User 'qwerty' has been created and stored
[2021-04-21T19:56:15.105271826+02:00] Looking for USER qwerty, PASS qwerty
[2021-04-21T19:56:15.105271826+02:00] User 'qwerty' has been created and stored
[2021-04-21T19:56:21.673432079+02:00] Looking for USER qwerty, PASS qwerty
[2021-04-21T19:56:21.673432079+02:00] User 'qwerty' has been created and stored
[2021-04-21T19:56:46.606784226+02:00] Looking for USER qwerty, PASS qwerty
[2021-04-21T19:56:46.606784226+02:00] User 'qwerty' has been created and stored
[2021-04-21T19:57:15.661307389+02:00] Looking for USER qwerty, PASS qwerty
[2021-04-21T19:57:15.661307389+02:00] User 'qwerty' already exists
[2021-04-21T19:57:56.309040151+02:00] Looking for USER qwerty, PASS qwerty
[2021-04-21T19:57:56.309040151+02:00] User 'qwerty' already exists
[2021-04-21T20:00:05.572282216+02:00] Looking for USER qwerty, PASS qwerty
[2021-04-21T20:00:05.572282216+02:00] User 'qwerty' already exists
[2021-04-21T20:00:13.197790476+02:00] Looking for USER qwerty, PASS qwerty
[2021-04-21T20:00:13.197790476+02:00] User 'qwerty' already exists
[2021-04-21T20:00:32.621896423+02:00] Looking for USER qwerty, PASS qwerty
[2021-04-21T20:00:32.621896423+02:00] User 'qwerty' has been created and stored
[2021-04-21T20:15:53.070306955+02:00] Looking for USER qwerty, PASS *****
[2021-04-21T20:15:53.070306955+02:00] User 'qwerty' has been created and stored
[2021-04-21T20:15:53.070478029+02:00] Looking for USER qwerty, PASS *****
[2021-04-21T20:15:53.070478029+02:00] User 'qwerty' deleted
[2021-04-21T20:15:54.586553916+02:00] Looking for USER qwerty, PASS *****
[2021-04-21T20:15:54.586553916+02:00] User 'qwerty' has been created and stored
[2021-04-21T20:15:54.586737245+02:00] Looking for USER qwerty, PASS *****
[2021-04-21T20:15:54.586737245+02:00] User 'qwerty' deleted
[2021-04-21T20:15:55.591552543+02:00] Looking for USER qwerty, PASS *****
[2021-04-21T20:15:55.591552543+02:00] User 'qwerty' has been created and stored
[2021-04-21T20:15:55.591739342+02:00] Looking for USER qwerty, PASS *****
[2021-04-21T20:15:55.591739342+02:00] User 'qwerty' deleted
[2021-04-21T20:19:21.390135880+02:00] Looking for USER qwerty, PASS *****
[2021-04-21T20:19:21.390135880+02:00] User 'qwerty' has been created and stored
[2021-04-21T20:19:21.390373827+02:00] Looking for USER qwerty, PASS *****
[2021-04-21T20:19:21.390373827+02:00] User 'qwerty' deleted
[2021-04-21T20:21:03.585851865+02:00] Looking for USER qwerty, PASS *****
[2021-04-21T20:21:03.585851865+02:00] User 'qwerty' has been created and stored
[2021-04-21T20:21:03.586044204+02:00] Looking for USER qwerty, PASS *****
[2021-04-21T20:21:03.586044204+02:00] User 'qwerty' has been deleted
[2021-04-21T20:23:25.202476231+02:00] Looking for USER qwerty, PASS *****
[2021-04-21T20:23:25.202476231+02:00] User 'qwerty' has been created and stored
[2021-04-21T20:23:25.202742477+02:00] Looking for USER qwerty, PASS *****
[2021-04-21T20:23:25.202742477+02:00] User 'qwerty' has been deleted
[2021-04-21T20:23:25.202908207+02:00] Looking for USER root, PASS *****
[2021-04-21T20:23:25.202908207+02:00] Invalid password for USER root
[2021-04-21T20:24:02.479232071+02:00] Looking for USER qwerty, PASS *****
[2021-04-21T20:24:02.479232071+02:00] User 'qwerty' has been created and stored
[2021-04-21T20:24:02.479396101+02:00] Looking for USER qwerty, PASS *****
[2021-04-21T20:24:02.479396101+02:00] User 'qwerty' already exists
[2021-04-21T20:24:02.479468152+02:00] Looking for USER qwerty, PASS *****
[2021-04-21T20:24:02.479468152+02:00] User 'qwerty' has been deleted
[2021-04-21T20:24:02.479616658+02:00] Looking for USER root, PASS *****
[2021-04-21T20:24:02.479616658+02:00] Invalid password for USER root
[2021-04-21T20:25:25.759440805+02:00] Looking for USER qwerty, PASS *****
[2021-04-21T20:25:25.759440805+02:00] User 'qwerty' has been created and stored
[2021-04-21T20:25:25.759623021+02:00] Looking for USER qwerty, PASS *****
[2021-04-21T20:25:25.759623021+02:00] User 'qwerty' already exists
[2021-04-21T20:25:25.759687007+02:00] Looking for USER qwerty, PASS *****
[2021-04-21T20:25:25.759687007+02:00] User 'qwerty' has been deleted
[2021-04-21T20:25:25.760221930+02:00] Looking for USER root, PASS *****
[2021-04-21T20:25:25.760221930+02:00] Invalid password for USER root
[2021-04-21T20:25:25.760288445+02:00] Looking for USER qwerty, PASS *****
[2021-04-21T20:25:25.760288445+02:00] User 'qwerty' do not exists
[2021-04-21T20:39:47.849111206+02:00] Looking for USER qwerty, PASS *****
[2021-04-21T20:39:47.849111206+02:00] User 'qwerty' has been created and stored
[2021-04-21T20:39:47.849356116+02:00] Looking for USER qwerty, PASS *****
[2021-04-21T20:39:47.849356116+02:00] User 'qwerty' already exists
[2021-04-21T20:39:47.849419598+02:00] Looking for USER qwerty, PASS *****
[2021-04-21T20:39:47.849419598+02:00] User 'qwerty' has been deleted
[2021-04-21T20:39:47.849561776+02:00] Looking for USER root, PASS *****
[2021-04-21T20:39:47.849561776+02:00] Invalid password for USER root
[2021-04-21T20:39:47.849660047+02:00] Looking for USER qwerty, PASS *****
[2021-04-21T20:39:47.849660047+02:00] User 'qwerty' do not exists
[2021-04-21T20:39:50.901593612+02:00] Looking for USER qwerty, PASS *****
[2021-04-21T20:39:50.901593612+02:00] User 'qwerty' has been created and stored
[2021-04-21T20:39:50.901805197+02:00] Looking for USER qwerty, PASS *****
[2021-04-21T20:39:50.901805197+02:00] User 'qwerty' already exists
[2021-04-21T20:39:50.901882570+02:00] Looking for USER qwerty, PASS *****
[2021-04-21T20:39:50.901882570+02:00] User 'qwerty' has been deleted
[2021-04-21T20:39:50.901998122+02:00] Looking for USER root, PASS *****
[2021-04-21T20:39:50.901998122+02:00] Invalid password for USER root
[2021-04-21T20:39:50.902062596+02:00] Looking for USER qwerty, PASS *****
[2021-04-21T20:39:50.902062596+02:00] User 'qwerty' do not exists
[2021-04-21T20:39:51.767935557+02:00] Looking for USER qwerty, PASS *****
[2021-04-21T20:39:51.767935557+02:00] User 'qwerty' has been created and stored
[2021-04-21T20:39:51.768114732+02:00] Looking for USER qwerty, PASS *****
[2021-04-21T20:39:51.768114732+02:00] User 'qwerty' already exists
[2021-04-21T20:39:51.768205512+02:00] Looking for USER qwerty, PASS *****
[2021-04-21T20:39:51.768205512+02:00] User 'qwerty' has been deleted
[2021-04-21T20:39:51.768319285+02:00] Looking for USER root, PASS *****
[2021-04-21T20:39:51.768319285+02:00] Invalid password for USER root
[2021-04-21T20:39:51.768398931+02:00] Looking for USER qwerty, PASS *****
[2021-04-21T20:39:51.768398931+02:00] User 'qwerty' do not exists
[2021-04-21T20:39:52.057171522+02:00] Looking for USER qwerty, PASS *****
[2021-04-21T20:39:52.057171522+02:00] User 'qwerty' has been created and stored
[2021-04-21T20:39:52.057369355+02:00] Looking for USER qwerty, PASS *****
[2021-04-21T20:39:52.057369355+02:00] User 'qwerty' already exists
[2021-04-21T20:39:52.057434527+02:00] Looking for USER qwerty, PASS *****
[2021-04-21T20:39:52.057434527+02:00] User 'qwerty' has been deleted
[2021-04-21T20:39:52.057552404+02:00] Looking for USER root, PASS *****
[2021-04-21T20:39:52.057552404+02:00] Invalid password for USER root
[2021-04-21T20:39:52.057647767+02:00] Looking for USER qwerty, PASS *****
[2021-04-21T20:39:52.057647767+02:00] User 'qwerty' do not exists
[2021-04-21T20:39:52.306990443+02:00] Looking for USER qwerty, PASS *****
[2021-04-21T20:39:52.306990443+02:00] User 'qwerty' has been created and stored
[2021-04-21T20:39:52.307210186+02:00] Looking for USER qwerty, PASS *****
[2021-04-21T20:39:52.307210186+02:00] User 'qwerty' already exists
[2021-04-21T20:39:52.307273818+02:00] Looking for USER qwerty, PASS *****
[2021-04-21T20:39:52.307273818+02:00] User 'qwerty' has been deleted
[2021-04-21T20:39:52.307389165+02:00] Looking for USER root, PASS *****
[2021-04-21T20:39:52.307389165+02:00] Invalid password for USER root
[2021-04-21T20:39:52.307442756+02:00] Looking for USER qwerty, PASS *****
[2021-04-21T20:39:52.307442756+02:00] User 'qwerty' do not exists
[2021-04-21T20:39:52.896529477+02:00] Looking for USER qwerty, PASS *****
[2021-04-21T20:39:52.896529477+02:00] User 'qwerty' has been created and stored
[2021-04-21T20:39:52.896721356+02:00] Looking for USER qwerty, PASS *****
[2021-04-21T20:39:52.896721356+02:00] User 'qwerty' already exists
[2021-04-21T20:39:52.896772861+02:00] Looking for USER qwerty, PASS *****
[2021-04-21T20:39:52.896772861+02:00] User 'qwerty' has been deleted
[2021-04-21T20:39:52.896878359+02:00] Looking for USER root, PASS *****
[2021-04-21T20:39:52.896878359+02:00] Invalid password for USER root
[2021-04-21T20:39:52.896932184+02:00] Looking for USER qwerty, PASS *****
[2021-04-21T20:39:52.896932184+02:00] User 'qwerty' do not exists
[2021-04-21T20:40:00.837725791+02:00] Looking for USER qwerty, PASS *****
[2021-04-21T20:40:00.837725791+02:00] User 'qwerty' has been created and stored
[2021-04-21T20:40:00.837964563+02:00] Looking for USER qwerty, PASS *****
[2021-04-21T20:40:00.837964563+02:00] User 'qwerty' already exists
[2021-04-21T20:40:00.838044733+02:00] Looking for USER qwerty, PASS *****
[2021-04-21T20:40:00.838044733+02:00] User 'qwerty' has been deleted
[2021-04-21T20:40:00.838164533+02:00] Looking for USER root, PASS *****
[2021-04-21T20:40:00.838164533+02:00] Invalid password for USER root
[2021-04-21T20:40:00.838250543+02:00] Looking for USER qwerty, PASS *****
[2021-04-21T20:40:00.838250543+02:00] User 'qwerty' do not exists
[2021-04-21T20:40:02.330825106+02:00] Looking for USER qwerty, PASS *****
[2021-04-21T20:40:02.330825106+02:00] User 'qwerty' has been created and stored
[2021-04-21T20:40:02.331035867+02:00] Looking for USER qwerty, PASS *****
[2021-04-21T20:40:02.331035867+02:00] User 'qwerty' already exists
[2021-04-21T20:40:02.331098995+02:00] Looking for USER qwerty, PASS *****
[2021-04-21T20:40:02.331098995+02:00] User 'qwerty' has been deleted
[2021-04-21T20:40:02.331240362+02:00] Looking for USER root, PASS *****
[2021-04-21T20:40:02.331240362+02:00] Invalid password for USER root
[2021-04-21T20:40:02.331305132+02:00] Looking for USER qwerty, PASS *****
[2021-04-21T20:40:02.331305132+02:00] User 'qwerty' do not exists
[2021-04-21T20:49:28.247163493+02:00] Looking for USER qwerty, PASS *****
[2021-04-21T20:49:28.247163493+02:00] User 'qwerty' has been created and stored
[2021-04-21T20:49:28.247360230+02:00] Looking for USER qwerty, PASS *****
[2021-04-21T20:49:28.247360230+02:00] User 'qwerty' already exists
[2021-04-21T20:49:28.247423116+02:00] Looking for USER qwerty, PASS *****
[2021-04-21T20:49:28.247423116+02:00] User 'qwerty' has been deleted
[2021-04-21T20:49:28.250530965+02:00] Looking for USER root, PASS *****
[2021-04-21T20:49:28.250530965+02:00] Invalid password for USER root
[2021-04-21T20:49:28.250597864+02:00] Looking for USER qwerty, PASS *****
[2021-04-21T20:49:28.250597864+02:00] User 'qwerty' do not exists
[2021-04-21T20:50:07.875782614+02:00] Looking for USER qwerty, PASS *****
[2021-04-21T20:50:07.875782614+02:00] User 'qwerty' has been created and stored
[2021-04-21T20:50:07.875967914+02:00] Looking for USER qwerty, PASS *****
[2021-04-21T20:50:07.875967914+02:00] User 'qwerty' already exists
[2021-04-21T20:50:07.876041526+02:00] Looking for USER qwerty, PASS *****
[2021-04-21T20:50:07.876041526+02:00] User 'qwerty' has been deleted
[2021-04-21T20:50:07.876157772+02:00] Looking for USER root, PASS *****
[2021-04-21T20:50:07.876157772+02:00] Invalid password for USER root
[2021-04-21T20:50:07.876230058+02:00] Looking for USER qwerty, PASS *****
[2021-04-21T20:50:07.876230058+02:00] User 'qwerty' do not exists
