[2021-05-05T15:38:55.190400+02:00] Looking for USER user_01
[2021-05-05T15:38:55.191128+02:00] Looking for USER user_01, PASS *****
[2021-05-05T15:38:55.191128+02:00] User 'user_01' has been created and stored
[2021-05-05T15:38:55.242249+02:00] Looking for USER user_01
[2021-05-05T15:38:55.242458+02:00] Looking for USER user_01, PASS 123456
[2021-05-05T15:38:55.293472+02:00] Looking for USER user_01
[2021-05-05T15:38:55.293697+02:00] Looking for USER user_01, PASS 123456
[2021-05-05T15:38:55.337306+02:00] Looking for USER user_01
[2021-05-05T15:38:55.337546+02:00] Looking for USER user_01, PASS 123456
[2021-05-05T15:38:55.384172+02:00] Looking for USER user_01
[2021-05-05T15:38:55.384455+02:00] Looking for USER user_01, PASS 123456
[2021-05-05T15:38:55.431813+02:00] Looking for USER user_01
[2021-05-05T15:38:55.432111+02:00] Looking for USER user_01, PASS 123456
[2021-05-05T15:38:55.477233+02:00] Looking for USER user_01
[2021-05-05T15:38:55.477455+02:00] Looking for USER user_01, PASS 123456
[2021-05-05T15:38:55.526648+02:00] Looking for USER user_01
[2021-05-05T15:38:55.526821+02:00] Looking for USER user_01, PASS 123456
[2021-05-05T15:38:55.579042+02:00] Looking for USER user_01
[2021-05-05T15:38:55.579323+02:00] Looking for USER user_01, PASS 123456
[2021-05-05T15:38:55.630598+02:00] Looking for USER user_01
[2021-05-05T15:38:55.630876+02:00] Looking for USER user_01, PASS 123456
[2021-05-05T15:38:55.684530+02:00] Looking for USER user_01
[2021-05-05T15:38:55.684842+02:00] Looking for USER user_01, PASS 123456
[2021-05-05T15:38:55.730390+02:00] Looking for USER user_01
[2021-05-05T15:38:55.730668+02:00] Looking for USER user_01, PASS 123456
[2021-05-05T15:38:55.776945+02:00] Looking for USER user_01
[2021-05-05T15:38:55.777165+02:00] Looking for USER user_01, PASS 123456
[2021-05-05T15:38:55.827735+02:00] Looking for USER user_01
[2021-05-05T15:38:55.828014+02:00] Looking for USER user_01, PASS 123456
[2021-05-05T15:38:55.880791+02:00] Looking for USER user_01
[2021-05-05T15:38:55.881018+02:00] Looking for USER user_01, PASS 123456
[2021-05-05T15:38:55.928083+02:00] Looking for USER user_01
[2021-05-05T15:38:55.928364+02:00] Looking for USER user_01, PASS 123456
[2021-05-05T15:38:55.979210+02:00] Looking for USER user_01
[2021-05-05T15:38:55.979385+02:00] Looking for USER user_01, PASS 123456
[2021-05-05T15:38:56.030+02:00] Looking for USER user_01
[2021-05-05T15:38:56.030320+02:00] Looking for USER user_01, PASS 123456
[2021-05-05T15:38:56.081350+02:00] Looking for USER user_01
[2021-05-05T15:38:56.081542+02:00] Looking for USER user_01, PASS 123456
[2021-05-05T15:38:56.130248+02:00] Looking for USER user_01
[2021-05-05T15:38:56.130433+02:00] Looking for USER user_01, PASS 123456
[2021-05-05T15:38:56.182434+02:00] Looking for USER user_01
[2021-05-05T15:38:56.182656+02:00] Looking for USER user_01, PASS 123456
[2021-05-05T15:38:56.231466+02:00] Looking for USER user_01
[2021-05-05T15:38:56.231749+02:00] Looking for USER user_01, PASS 123456
[2021-05-05T15:38:56.285049+02:00] Looking for USER user_01
[2021-05-05T15:38:56.285341+02:00] Looking for USER user_01, PASS 123456
[2021-05-05T15:38:56.338594+02:00] Looking for USER user_01
[2021-05-05T15:38:56.338834+02:00] Looking for USER user_01, PASS 123456
[2021-05-05T15:38:56.390671+02:00] Looking for USER user_01
[2021-05-05T15:38:56.390851+02:00] Looking for USER user_01, PASS 123456
[2021-05-05T15:38:56.442641+02:00] Looking for USER user_01
[2021-05-05T15:38:56.442832+02:00] Looking for USER user_01, PASS 123456
[2021-05-05T15:38:56.491269+02:00] Looking for USER user_01
[2021-05-05T15:38:56.491445+02:00] Looking for USER user_01, PASS 123456
[2021-05-05T15:38:56.544183+02:00] Looking for USER user_01
[2021-05-05T15:38:56.544385+02:00] Looking for USER user_01, PASS 123456
[2021-05-05T15:38:56.597238+02:00] Looking for USER user_01
[2021-05-05T15:38:56.597553+02:00] Looking for USER user_01, PASS 123456
[2021-05-05T15:38:56.649193+02:00] Looking for USER user_01
[2021-05-05T15:38:56.649502+02:00] Looking for USER user_01, PASS 123456
[2021-05-05T15:38:56.699716+02:00] Looking for USER user_01
[2021-05-05T15:38:56.700061+02:00] Looking for USER user_01, PASS 123456
[2021-05-05T15:38:56.752104+02:00] Looking for USER user_01
[2021-05-05T15:38:56.752273+02:00] Looking for USER user_01, PASS 123456
[2021-05-05T15:38:56.804932+02:00] Looking for USER user_01
[2021-05-05T15:38:56.805072+02:00] Looking for USER user_01, PASS 123456
[2021-05-05T15:38:56.856476+02:00] Looking for USER user_01
[2021-05-05T15:38:56.856641+02:00] Looking for USER user_01, PASS 123456
[2021-05-05T15:38:56.909190+02:00] Looking for USER user_01
[2021-05-05T15:38:56.909321+02:00] Looking for USER user_01, PASS 123456
[2021-05-05T15:38:56.960847+02:00] Looking for USER user_01
[2021-05-05T15:38:56.960957+02:00] Looking for USER user_01, PASS 123456
[2021-05-05T15:38:57.013245+02:00] Looking for USER user_01
[2021-05-05T15:38:57.013416+02:00] Looking for USER user_01, PASS 123456
[2021-05-05T15:38:57.064320+02:00] Looking for USER user_01
[2021-05-05T15:38:57.064500+02:00] Looking for USER user_01, PASS 123456
[2021-05-05T15:38:57.111497+02:00] Looking for USER user_01
[2021-05-05T15:38:57.111612+02:00] Looking for USER user_01, PASS 123456
[2021-05-05T15:38:57.161502+02:00] Looking for USER user_01
[2021-05-05T15:38:57.161633+02:00] Looking for USER user_01, PASS 123456
[2021-05-05T15:38:57.212542+02:00] Looking for USER user_01
[2021-05-05T15:38:57.212708+02:00] Looking for USER user_01, PASS 123456
[2021-05-05T15:38:57.261340+02:00] Looking for USER user_01
[2021-05-05T15:38:57.261545+02:00] Looking for USER user_01, PASS 123456
[2021-05-05T15:38:57.310247+02:00] Looking for USER user_01
[2021-05-05T15:38:57.310448+02:00] Looking for USER user_01, PASS 123456
[2021-05-05T15:38:57.360610+02:00] Looking for USER user_01
[2021-05-05T15:38:57.360749+02:00] Looking for USER user_01, PASS 123456
[2021-05-05T15:38:57.406670+02:00] Looking for USER user_01
[2021-05-05T15:38:57.406843+02:00] Looking for USER user_01, PASS 123456
[2021-05-05T15:38:57.459810+02:00] Looking for USER user_01
[2021-05-05T15:38:57.459941+02:00] Looking for USER user_01, PASS 123456
[2021-05-05T15:38:57.511324+02:00] Looking for USER user_01
[2021-05-05T15:38:57.511430+02:00] Looking for USER user_01, PASS 123456
[2021-05-05T15:38:57.563485+02:00] Looking for USER user_01
[2021-05-05T15:38:57.563654+02:00] Looking for USER user_01, PASS 123456
[2021-05-05T15:38:57.615406+02:00] Looking for USER user_01
[2021-05-05T15:38:57.615668+02:00] Looking for USER user_01, PASS 123456
[2021-05-05T15:38:57.663773+02:00] Looking for USER user_01
[2021-05-05T15:38:57.663884+02:00] Looking for USER user_01, PASS 123456
[2021-05-05T15:38:57.713337+02:00] Looking for USER user_01
[2021-05-05T15:38:57.713456+02:00] Looking for USER user_01, PASS 123456
[2021-05-05T15:38:57.765433+02:00] Looking for USER user_01
[2021-05-05T15:38:57.765658+02:00] Looking for USER user_01, PASS 123456
[2021-05-05T15:38:57.815648+02:00] Looking for USER user_01
[2021-05-05T15:38:57.815776+02:00] Looking for USER user_01, PASS 123456
[2021-05-05T15:38:57.869813+02:00] Looking for USER user_01
[2021-05-05T15:38:57.869948+02:00] Looking for USER user_01, PASS 123456
[2021-05-05T15:38:57.917798+02:00] Looking for USER user_01
[2021-05-05T15:38:57.917923+02:00] Looking for USER user_01, PASS 123456
[2021-05-05T15:38:57.961441+02:00] Looking for USER user_01
[2021-05-05T15:38:57.961572+02:00] Looking for USER user_01, PASS 123456
[2021-05-05T15:38:58.014703+02:00] Looking for USER user_01
[2021-05-05T15:38:58.014909+02:00] Looking for USER user_01, PASS 123456
[2021-05-05T15:38:58.065855+02:00] Looking for USER user_01
[2021-05-05T15:38:58.066029+02:00] Looking for USER user_01, PASS 123456
[2021-05-05T15:38:58.111090+02:00] Looking for USER user_01
[2021-05-05T15:38:58.111248+02:00] Looking for USER user_01, PASS 123456
[2021-05-05T15:38:58.156539+02:00] Looking for USER user_01
[2021-05-05T15:38:58.156672+02:00] Looking for USER user_01, PASS 123456
[2021-05-05T15:38:58.208621+02:00] Looking for USER user_01
[2021-05-05T15:38:58.208729+02:00] Looking for USER user_01, PASS 123456
[2021-05-05T15:38:58.261036+02:00] Looking for USER user_01
[2021-05-05T15:38:58.261193+02:00] Looking for USER user_01, PASS 123456
[2021-05-05T15:38:58.307840+02:00] Looking for USER user_01
[2021-05-05T15:38:58.307949+02:00] Looking for USER user_01, PASS 123456
[2021-05-05T15:38:58.358269+02:00] Looking for USER user_01
[2021-05-05T15:38:58.358379+02:00] Looking for USER user_01, PASS 123456
[2021-05-05T15:38:58.415141+02:00] Looking for USER user_01
[2021-05-05T15:38:58.415283+02:00] Looking for USER user_01, PASS 123456
[2021-05-05T15:38:58.466691+02:00] Looking for USER user_01
[2021-05-05T15:38:58.466833+02:00] Looking for USER user_01, PASS 123456
[2021-05-05T15:38:58.516169+02:00] Looking for USER user_01
[2021-05-05T15:38:58.516341+02:00] Looking for USER user_01, PASS 123456
[2021-05-05T15:38:58.565458+02:00] Looking for USER user_01
[2021-05-05T15:38:58.565625+02:00] Looking for USER user_01, PASS 123456
[2021-05-05T15:38:58.614604+02:00] Looking for USER user_01
[2021-05-05T15:38:58.614770+02:00] Looking for USER user_01, PASS 123456
[2021-05-05T15:38:58.666859+02:00] Looking for USER user_01
[2021-05-05T15:38:58.667105+02:00] Looking for USER user_01, PASS 123456
[2021-05-05T15:38:58.720359+02:00] Looking for USER user_01
[2021-05-05T15:38:58.720523+02:00] Looking for USER user_01, PASS 123456
[2021-05-05T15:38:58.772021+02:00] Looking for USER user_01
[2021-05-05T15:38:58.772185+02:00] Looking for USER user_01, PASS 123456
[2021-05-05T15:38:58.823045+02:00] Looking for USER user_01
[2021-05-05T15:38:58.823205+02:00] Looking for USER user_01, PASS 123456
[2021-05-05T15:38:58.871548+02:00] Looking for USER user_01
[2021-05-05T15:38:58.871738+02:00] Looking for USER user_01, PASS 123456
[2021-05-05T15:38:58.924341+02:00] Looking for USER user_01
[2021-05-05T15:38:58.924450+02:00] Looking for USER user_01, PASS 123456
[2021-05-05T15:38:58.972931+02:00] Looking for USER user_01
[2021-05-05T15:38:58.973032+02:00] Looking for USER user_01, PASS 123456
[2021-05-05T15:38:59.026717+02:00] Looking for USER user_01
[2021-05-05T15:38:59.026864+02:00] Looking for USER user_01, PASS 123456
[2021-05-05T15:38:59.078085+02:00] Looking for USER user_01
[2021-05-05T15:38:59.078227+02:00] Looking for USER user_01, PASS 123456
[2021-05-05T15:38:59.130479+02:00] Looking for USER user_01
[2021-05-05T15:38:59.130635+02:00] Looking for USER user_01, PASS 123456
[2021-05-05T15:38:59.184357+02:00] Looking for USER user_01
[2021-05-05T15:38:59.184537+02:00] Looking for USER user_01, PASS 123456
[2021-05-05T15:38:59.231309+02:00] Looking for USER user_01
[2021-05-05T15:38:59.231453+02:00] Looking for USER user_01, PASS 123456
[2021-05-05T15:38:59.284783+02:00] Looking for USER user_01
[2021-05-05T15:38:59.284986+02:00] Looking for USER user_01, PASS 123456
[2021-05-05T15:38:59.335650+02:00] Looking for USER user_01
[2021-05-05T15:38:59.335783+02:00] Looking for USER user_01, PASS 123456
[2021-05-05T15:38:59.387138+02:00] Looking for USER user_01
[2021-05-05T15:38:59.387249+02:00] Looking for USER user_01, PASS 123456
[2021-05-05T15:38:59.440149+02:00] Looking for USER user_01
[2021-05-05T15:38:59.440347+02:00] Looking for USER user_01, PASS 123456
[2021-05-05T15:38:59.486671+02:00] Looking for USER user_01
[2021-05-05T15:38:59.486836+02:00] Looking for USER user_01, PASS 123456
[2021-05-05T15:38:59.540400+02:00] Looking for USER user_01
[2021-05-05T15:38:59.540607+02:00] Looking for USER user_01, PASS 123456
[2021-05-05T15:38:59.585934+02:00] Looking for USER user_01
[2021-05-05T15:38:59.586103+02:00] Looking for USER user_01, PASS 123456
[2021-05-05T15:38:59.639168+02:00] Looking for USER user_01
[2021-05-05T15:38:59.639300+02:00] Looking for USER user_01, PASS 123456
[2021-05-05T15:38:59.690259+02:00] Looking for USER user_01
[2021-05-05T15:38:59.690453+02:00] Looking for USER user_01, PASS 123456
[2021-05-05T15:38:59.741767+02:00] Looking for USER user_01
[2021-05-05T15:38:59.741918+02:00] Looking for USER user_01, PASS 123456
[2021-05-05T15:38:59.790889+02:00] Looking for USER user_01
[2021-05-05T15:38:59.791046+02:00] Looking for USER user_01, PASS 123456
[2021-05-05T15:38:59.843148+02:00] Looking for USER user_01
[2021-05-05T15:38:59.843293+02:00] Looking for USER user_01, PASS 123456
[2021-05-05T15:38:59.896386+02:00] Looking for USER user_01
[2021-05-05T15:38:59.896551+02:00] Looking for USER user_01, PASS 123456
[2021-05-05T15:38:59.946072+02:00] Looking for USER user_01
[2021-05-05T15:38:59.946243+02:00] Looking for USER user_01, PASS 123456
[2021-05-05T15:38:59.999633+02:00] Looking for USER user_01
[2021-05-05T15:38:59.999845+02:00] Looking for USER user_01, PASS 123456
[2021-05-05T15:39:00.049047+02:00] Looking for USER user_01
[2021-05-05T15:39:00.049222+02:00] Looking for USER user_01, PASS 123456
[2021-05-05T15:39:00.099378+02:00] Looking for USER user_01
[2021-05-05T15:39:00.099517+02:00] Looking for USER user_01, PASS 123456
[2021-05-05T15:39:00.151317+02:00] Looking for USER user_01
[2021-05-05T15:39:00.151501+02:00] Looking for USER user_01, PASS 123456
[2021-05-05T15:39:00.202011+02:00] Looking for USER user_01
[2021-05-05T15:39:00.202217+02:00] Looking for USER user_01, PASS 123456
[2021-05-05T15:39:57.265178+02:00] Looking for USER user_test_it_works_3
[2021-05-05T15:39:57.265460+02:00] Looking for USER user_test_it_works_3, PASS *****
[2021-05-05T15:39:57.265460+02:00] User 'user_test_it_works_3' has been created and stored
[2021-05-05T15:39:57.266241+02:00] Looking for USER user_01
[2021-05-05T15:39:57.266421+02:00] Looking for USER user_01, PASS 123456
[2021-05-05T15:39:57.266635+02:00] Looking for USER user_test_it_works_2
[2021-05-05T15:39:57.266880+02:00] Looking for USER user_test_it_works_2, PASS *****
[2021-05-05T15:39:57.266880+02:00] User 'user_test_it_works_2' has been created and stored
[2021-05-05T15:39:57.267755+02:00] Looking for USER user_test_image_transfer
[2021-05-05T15:39:57.268137+02:00] Looking for USER user_test_image_transfer, PASS *****
[2021-05-05T15:39:57.268137+02:00] User 'user_test_image_transfer' has been created and stored
[2021-05-05T15:39:57.288646+02:00] Looking for USER user_test_it_works_3
[2021-05-05T15:39:57.288857+02:00] Looking for USER user_test_it_works_3, PASS 123456
[2021-05-05T15:39:57.313436+02:00] Looking for USER user_test_it_works_2
[2021-05-05T15:39:57.313611+02:00] Looking for USER user_test_it_works_2, PASS 123456
[2021-05-05T15:39:57.313803+02:00] Looking for USER user_01
[2021-05-05T15:39:57.314028+02:00] Looking for USER user_01, PASS 123456
[2021-05-05T15:39:57.314259+02:00] Looking for USER user_test_it_works_3
[2021-05-05T15:39:57.314547+02:00] Looking for USER user_test_it_works_3, PASS 123456
[2021-05-05T15:39:57.337420+02:00] Looking for USER user_test_it_works_3
[2021-05-05T15:39:57.337665+02:00] Looking for USER user_test_it_works_3, PASS 123456
[2021-05-05T15:39:57.362517+02:00] Looking for USER user_test_it_works_3
[2021-05-05T15:39:57.362712+02:00] Looking for USER user_test_it_works_3, PASS 123456
[2021-05-05T15:39:57.362913+02:00] Looking for USER user_01
[2021-05-05T15:39:57.363100+02:00] Looking for USER user_01, PASS 123456
[2021-05-05T15:39:57.363280+02:00] Looking for USER user_test_it_works_2
[2021-05-05T15:39:57.363520+02:00] Looking for USER user_test_it_works_2, PASS 123456
[2021-05-05T15:39:57.386602+02:00] Looking for USER user_test_it_works_3
[2021-05-05T15:39:57.387298+02:00] Looking for USER user_test_it_works_3, PASS 123456
[2021-05-05T15:39:57.413766+02:00] Looking for USER user_test_it_works_2
[2021-05-05T15:39:57.414116+02:00] Looking for USER user_test_it_works_2, PASS 123456
[2021-05-05T15:39:57.414454+02:00] Looking for USER user_01
[2021-05-05T15:39:57.414835+02:00] Looking for USER user_01, PASS 123456
[2021-05-05T15:39:57.415251+02:00] Looking for USER user_test_it_works_3
[2021-05-05T15:39:57.415721+02:00] Looking for USER user_test_it_works_3, PASS 123456
[2021-05-05T15:39:57.441361+02:00] Looking for USER user_test_it_works_3
[2021-05-05T15:39:57.441631+02:00] Looking for USER user_test_it_works_3, PASS 123456
[2021-05-05T15:39:57.468216+02:00] Looking for USER user_test_it_works_3
[2021-05-05T15:39:57.468608+02:00] Looking for USER user_test_it_works_3, PASS 123456
[2021-05-05T15:39:57.473170+02:00] Looking for USER user_test_it_works_2
[2021-05-05T15:39:57.473293+02:00] Looking for USER user_test_it_works_2, PASS 123456
[2021-05-05T15:39:57.474103+02:00] Looking for USER user_01
[2021-05-05T15:39:57.474360+02:00] Looking for USER user_01, PASS 123456
[2021-05-05T15:39:57.504598+02:00] Looking for USER user_test_it_works_3
[2021-05-05T15:39:57.504760+02:00] Looking for USER user_test_it_works_3, PASS 123456
[2021-05-05T15:39:57.531401+02:00] Looking for USER user_01
[2021-05-05T15:39:57.531556+02:00] Looking for USER user_01, PASS 123456
[2021-05-05T15:39:57.531694+02:00] Looking for USER user_test_it_works_2
[2021-05-05T15:39:57.531792+02:00] Looking for USER user_test_it_works_2, PASS 123456
[2021-05-05T15:39:57.533667+02:00] Looking for USER user_test_it_works_3
[2021-05-05T15:39:57.533785+02:00] Looking for USER user_test_it_works_3, PASS 123456
[2021-05-05T15:39:57.559612+02:00] Looking for USER user_test_it_works_3
[2021-05-05T15:39:57.559713+02:00] Looking for USER user_test_it_works_3, PASS 123456
[2021-05-05T15:39:57.576893+02:00] Looking for USER user_01
[2021-05-05T15:39:57.577004+02:00] Looking for USER user_01, PASS 123456
[2021-05-05T15:39:57.582168+02:00] Looking for USER user_test_it_works_2
[2021-05-05T15:39:57.582324+02:00] Looking for USER user_test_it_works_2, PASS 123456
[2021-05-05T15:39:57.584953+02:00] Looking for USER user_test_it_works_3
[2021-05-05T15:39:57.585068+02:00] Looking for USER user_test_it_works_3, PASS 123456
[2021-05-05T15:39:57.611387+02:00] Looking for USER user_test_it_works_3
[2021-05-05T15:39:57.611524+02:00] Looking for USER user_test_it_works_3, PASS 123456
[2021-05-05T15:39:57.626182+02:00] Looking for USER user_01
[2021-05-05T15:39:57.626339+02:00] Looking for USER user_01, PASS 123456
[2021-05-05T15:39:57.626901+02:00] Looking for USER user_test_it_works_2
[2021-05-05T15:39:57.627126+02:00] Looking for USER user_test_it_works_2, PASS 123456
[2021-05-05T15:39:57.637894+02:00] Looking for USER user_test_it_works_3
[2021-05-05T15:39:57.638011+02:00] Looking for USER user_test_it_works_3, PASS 123456
[2021-05-05T15:39:57.665249+02:00] Looking for USER user_test_it_works_3
[2021-05-05T15:39:57.665417+02:00] Looking for USER user_test_it_works_3, PASS 123456
[2021-05-05T15:39:57.679525+02:00] Looking for USER user_01
[2021-05-05T15:39:57.679691+02:00] Looking for USER user_01, PASS 123456
[2021-05-05T15:39:57.679876+02:00] Looking for USER user_test_it_works_2
[2021-05-05T15:39:57.680099+02:00] Looking for USER user_test_it_works_2, PASS 123456
[2021-05-05T15:39:57.688183+02:00] Looking for USER user_test_it_works_3
[2021-05-05T15:39:57.688295+02:00] Looking for USER user_test_it_works_3, PASS 123456
[2021-05-05T15:39:57.711884+02:00] Looking for USER user_test_it_works_3
[2021-05-05T15:39:57.711989+02:00] Looking for USER user_test_it_works_3, PASS 123456
[2021-05-05T15:39:57.729859+02:00] Looking for USER user_test_it_works_2
[2021-05-05T15:39:57.730005+02:00] Looking for USER user_test_it_works_2, PASS 123456
[2021-05-05T15:39:57.730136+02:00] Looking for USER user_01
[2021-05-05T15:39:57.730281+02:00] Looking for USER user_01, PASS 123456
[2021-05-05T15:39:57.738880+02:00] Looking for USER user_test_it_works_3
[2021-05-05T15:39:57.738984+02:00] Looking for USER user_test_it_works_3, PASS 123456
[2021-05-05T15:39:57.765366+02:00] Looking for USER user_test_it_works_3
[2021-05-05T15:39:57.765493+02:00] Looking for USER user_test_it_works_3, PASS 123456
[2021-05-05T15:39:57.779909+02:00] Looking for USER user_01
[2021-05-05T15:39:57.780050+02:00] Looking for USER user_01, PASS 123456
[2021-05-05T15:39:57.780170+02:00] Looking for USER user_test_it_works_2
[2021-05-05T15:39:57.780311+02:00] Looking for USER user_test_it_works_2, PASS 123456
[2021-05-05T15:39:57.787760+02:00] Looking for USER user_test_it_works_3
[2021-05-05T15:39:57.787864+02:00] Looking for USER user_test_it_works_3, PASS 123456
[2021-05-05T15:39:57.812853+02:00] Looking for USER user_test_it_works_3
[2021-05-05T15:39:57.812962+02:00] Looking for USER user_test_it_works_3, PASS 123456
[2021-05-05T15:39:57.832132+02:00] Looking for USER user_01
[2021-05-05T15:39:57.832283+02:00] Looking for USER user_01, PASS 123456
[2021-05-05T15:39:57.832535+02:00] Looking for USER user_test_it_works_2
[2021-05-05T15:39:57.832693+02:00] Looking for USER user_test_it_works_2, PASS 123456
[2021-05-05T15:39:57.837196+02:00] Looking for USER user_test_it_works_3
[2021-05-05T15:39:57.837302+02:00] Looking for USER user_test_it_works_3, PASS 123456
[2021-05-05T15:39:57.862624+02:00] Looking for USER user_test_it_works_3
[2021-05-05T15:39:57.862725+02:00] Looking for USER user_test_it_works_3, PASS 123456
[2021-05-05T15:39:57.882731+02:00] Looking for USER user_01
[2021-05-05T15:39:57.882911+02:00] Looking for USER user_01, PASS 123456
[2021-05-05T15:39:57.883313+02:00] Looking for USER user_test_it_works_2
[2021-05-05T15:39:57.883444+02:00] Looking for USER user_test_it_works_2, PASS 123456
[2021-05-05T15:39:57.884714+02:00] Looking for USER user_test_it_works_3
[2021-05-05T15:39:57.884862+02:00] Looking for USER user_test_it_works_3, PASS 123456
[2021-05-05T15:39:57.907703+02:00] Looking for USER user_test_it_works_3
[2021-05-05T15:39:57.907810+02:00] Looking for USER user_test_it_works_3, PASS 123456
[2021-05-05T15:39:57.930370+02:00] Looking for USER user_test_it_works_2
[2021-05-05T15:39:57.930538+02:00] Looking for USER user_test_it_works_2, PASS 123456
[2021-05-05T15:39:57.930706+02:00] Looking for USER user_01
[2021-05-05T15:39:57.930937+02:00] Looking for USER user_01, PASS 123456
[2021-05-05T15:39:57.934649+02:00] Looking for USER user_test_it_works_3
[2021-05-05T15:39:57.934812+02:00] Looking for USER user_test_it_works_3, PASS 123456
[2021-05-05T15:39:57.961032+02:00] Looking for USER user_test_it_works_3
[2021-05-05T15:39:57.961161+02:00] Looking for USER user_test_it_works_3, PASS 123456
[2021-05-05T15:39:57.983631+02:00] Looking for USER user_test_it_works_2
[2021-05-05T15:39:57.983808+02:00] Looking for USER user_test_it_works_2, PASS 123456
[2021-05-05T15:39:57.984077+02:00] Looking for USER user_01
[2021-05-05T15:39:57.984331+02:00] Looking for USER user_01, PASS 123456
[2021-05-05T15:39:57.986948+02:00] Looking for USER user_test_it_works_3
[2021-05-05T15:39:57.987156+02:00] Looking for USER user_test_it_works_3, PASS 123456
[2021-05-05T15:39:58.012532+02:00] Looking for USER user_test_it_works_3
[2021-05-05T15:39:58.012667+02:00] Looking for USER user_test_it_works_3, PASS 123456
[2021-05-05T15:39:58.036486+02:00] Looking for USER user_test_it_works_2
[2021-05-05T15:39:58.036621+02:00] Looking for USER user_test_it_works_2, PASS 123456
[2021-05-05T15:39:58.036746+02:00] Looking for USER user_01
[2021-05-05T15:39:58.037007+02:00] Looking for USER user_01, PASS 123456
[2021-05-05T15:39:58.038574+02:00] Looking for USER user_test_it_works_3
[2021-05-05T15:39:58.038745+02:00] Looking for USER user_test_it_works_3, PASS 123456
[2021-05-05T15:39:58.065477+02:00] Looking for USER user_test_it_works_3
[2021-05-05T15:39:58.065580+02:00] Looking for USER user_test_it_works_3, PASS 123456
[2021-05-05T15:39:58.087414+02:00] Looking for USER user_test_it_works_2
[2021-05-05T15:39:58.087572+02:00] Looking for USER user_test_it_works_2, PASS 123456
[2021-05-05T15:39:58.090119+02:00] Looking for USER user_01
[2021-05-05T15:39:58.090278+02:00] Looking for USER user_01, PASS 123456
[2021-05-05T15:39:58.092160+02:00] Looking for USER user_test_it_works_3
[2021-05-05T15:39:58.092283+02:00] Looking for USER user_test_it_works_3, PASS 123456
[2021-05-05T15:39:58.117437+02:00] Looking for USER user_test_it_works_3
[2021-05-05T15:39:58.117578+02:00] Looking for USER user_test_it_works_3, PASS 123456
[2021-05-05T15:39:58.137367+02:00] Looking for USER user_test_it_works_2
[2021-05-05T15:39:58.137477+02:00] Looking for USER user_test_it_works_2, PASS 123456
[2021-05-05T15:39:58.142969+02:00] Looking for USER user_test_it_works_3
[2021-05-05T15:39:58.143081+02:00] Looking for USER user_test_it_works_3, PASS 123456
[2021-05-05T15:39:58.143218+02:00] Looking for USER user_01
[2021-05-05T15:39:58.143352+02:00] Looking for USER user_01, PASS 123456
[2021-05-05T15:39:58.171118+02:00] Looking for USER user_test_it_works_3
[2021-05-05T15:39:58.171267+02:00] Looking for USER user_test_it_works_3, PASS 123456
[2021-05-05T15:39:58.193281+02:00] Looking for USER user_test_it_works_2
[2021-05-05T15:39:58.193419+02:00] Looking for USER user_test_it_works_2, PASS 123456
[2021-05-05T15:39:58.194682+02:00] Looking for USER user_01
[2021-05-05T15:39:58.194851+02:00] Looking for USER user_01, PASS 123456
[2021-05-05T15:39:58.194952+02:00] Looking for USER user_test_it_works_3
[2021-05-05T15:39:58.195049+02:00] Looking for USER user_test_it_works_3, PASS 123456
[2021-05-05T15:39:58.221176+02:00] Looking for USER user_test_it_works_3
[2021-05-05T15:39:58.221483+02:00] Looking for USER user_test_it_works_3, PASS 123456
[2021-05-05T15:39:58.247188+02:00] Looking for USER user_01
[2021-05-05T15:39:58.247373+02:00] Looking for USER user_01, PASS 123456
[2021-05-05T15:39:58.247536+02:00] Looking for USER user_test_it_works_3
[2021-05-05T15:39:58.247721+02:00] Looking for USER user_test_it_works_3, PASS 123456
[2021-05-05T15:39:58.247910+02:00] Looking for USER user_test_it_works_2
[2021-05-05T15:39:58.248136+02:00] Looking for USER user_test_it_works_2, PASS 123456
[2021-05-05T15:39:58.275622+02:00] Looking for USER user_test_it_works_3
[2021-05-05T15:39:58.275751+02:00] Looking for USER user_test_it_works_3, PASS 123456
[2021-05-05T15:39:58.300393+02:00] Looking for USER user_01
[2021-05-05T15:39:58.300583+02:00] Looking for USER user_01, PASS 123456
[2021-05-05T15:39:58.302340+02:00] Looking for USER user_test_it_works_2
[2021-05-05T15:39:58.302696+02:00] Looking for USER user_test_it_works_2, PASS 123456
[2021-05-05T15:39:58.302909+02:00] Looking for USER user_test_it_works_3
[2021-05-05T15:39:58.303077+02:00] Looking for USER user_test_it_works_3, PASS 123456
[2021-05-05T15:39:58.329205+02:00] Looking for USER user_test_it_works_3
[2021-05-05T15:39:58.329336+02:00] Looking for USER user_test_it_works_3, PASS 123456
[2021-05-05T15:39:58.354238+02:00] Looking for USER user_01
[2021-05-05T15:39:58.354465+02:00] Looking for USER user_01, PASS 123456
[2021-05-05T15:39:58.354775+02:00] Looking for USER user_test_it_works_2
[2021-05-05T15:39:58.354996+02:00] Looking for USER user_test_it_works_2, PASS 123456
[2021-05-05T15:39:58.356813+02:00] Looking for USER user_test_it_works_3
[2021-05-05T15:39:58.356992+02:00] Looking for USER user_test_it_works_3, PASS 123456
[2021-05-05T15:39:58.384476+02:00] Looking for USER user_test_it_works_3
[2021-05-05T15:39:58.384655+02:00] Looking for USER user_test_it_works_3, PASS 123456
[2021-05-05T15:39:58.405736+02:00] Looking for USER user_01
[2021-05-05T15:39:58.405899+02:00] Looking for USER user_01, PASS 123456
[2021-05-05T15:39:58.406008+02:00] Looking for USER user_test_it_works_2
[2021-05-05T15:39:58.406167+02:00] Looking for USER user_test_it_works_2, PASS 123456
[2021-05-05T15:39:58.407074+02:00] Looking for USER user_test_it_works_3
[2021-05-05T15:39:58.407247+02:00] Looking for USER user_test_it_works_3, PASS 123456
[2021-05-05T15:39:58.433842+02:00] Looking for USER user_test_it_works_3
[2021-05-05T15:39:58.433960+02:00] Looking for USER user_test_it_works_3, PASS 123456
[2021-05-05T15:39:58.455482+02:00] Looking for USER user_01
[2021-05-05T15:39:58.455822+02:00] Looking for USER user_01, PASS 123456
[2021-05-05T15:39:58.456139+02:00] Looking for USER user_test_it_works_2
[2021-05-05T15:39:58.456436+02:00] Looking for USER user_test_it_works_2, PASS 123456
[2021-05-05T15:39:58.461240+02:00] Looking for USER user_test_it_works_3
[2021-05-05T15:39:58.461520+02:00] Looking for USER user_test_it_works_3, PASS 123456
[2021-05-05T15:39:58.486970+02:00] Looking for USER user_test_it_works_3
[2021-05-05T15:39:58.487149+02:00] Looking for USER user_test_it_works_3, PASS 123456
[2021-05-05T15:39:58.507474+02:00] Looking for USER user_test_it_works_2
[2021-05-05T15:39:58.507678+02:00] Looking for USER user_test_it_works_2, PASS 123456
[2021-05-05T15:39:58.507870+02:00] Looking for USER user_01
[2021-05-05T15:39:58.508103+02:00] Looking for USER user_01, PASS 123456
[2021-05-05T15:39:58.512605+02:00] Looking for USER user_test_it_works_3
[2021-05-05T15:39:58.512721+02:00] Looking for USER user_test_it_works_3, PASS 123456
[2021-05-05T15:39:58.539792+02:00] Looking for USER user_test_it_works_3
[2021-05-05T15:39:58.539916+02:00] Looking for USER user_test_it_works_3, PASS 123456
[2021-05-05T15:39:58.557097+02:00] Looking for USER user_01
[2021-05-05T15:39:58.557251+02:00] Looking for USER user_01, PASS 123456
[2021-05-05T15:39:58.559987+02:00] Looking for USER user_test_it_works_2
[2021-05-05T15:39:58.560092+02:00] Looking for USER user_test_it_works_2, PASS 123456
[2021-05-05T15:39:58.565738+02:00] Looking for USER user_test_it_works_3
[2021-05-05T15:39:58.565840+02:00] Looking for USER user_test_it_works_3, PASS 123456
[2021-05-05T15:39:58.589793+02:00] Looking for USER user_test_it_works_3
[2021-05-05T15:39:58.589901+02:00] Looking for USER user_test_it_works_3, PASS 123456
[2021-05-05T15:39:58.607727+02:00] Looking for USER user_01
[2021-05-05T15:39:58.607877+02:00] Looking for USER user_01, PASS 123456
[2021-05-05T15:39:58.609294+02:00] Looking for USER user_test_it_works_2
[2021-05-05T15:39:58.609444+02:00] Looking for USER user_test_it_works_2, PASS 123456
[2021-05-05T15:39:58.617133+02:00] Looking for USER user_test_it_works_3
[2021-05-05T15:39:58.617285+02:00] Looking for USER user_test_it_works_3, PASS 123456
[2021-05-05T15:39:58.644278+02:00] Looking for USER user_test_it_works_3
[2021-05-05T15:39:58.644386+02:00] Looking for USER user_test_it_works_3, PASS 123456
[2021-05-05T15:39:58.661877+02:00] Looking for USER user_01
[2021-05-05T15:39:58.662008+02:00] Looking for USER user_01, PASS 123456
[2021-05-05T15:39:58.662872+02:00] Looking for USER user_test_it_works_2
[2021-05-05T15:39:58.662986+02:00] Looking for USER user_test_it_works_2, PASS 123456
[2021-05-05T15:39:58.670237+02:00] Looking for USER user_test_it_works_3
[2021-05-05T15:39:58.670460+02:00] Looking for USER user_test_it_works_3, PASS 123456
[2021-05-05T15:39:58.692397+02:00] Looking for USER user_test_it_works_3
[2021-05-05T15:39:58.692506+02:00] Looking for USER user_test_it_works_3, PASS 123456
[2021-05-05T15:39:58.708446+02:00] Looking for USER user_01
[2021-05-05T15:39:58.708550+02:00] Looking for USER user_01, PASS 123456
[2021-05-05T15:39:58.714544+02:00] Looking for USER user_test_it_works_2
[2021-05-05T15:39:58.714665+02:00] Looking for USER user_test_it_works_2, PASS 123456
[2021-05-05T15:39:58.718547+02:00] Looking for USER user_test_it_works_3
[2021-05-05T15:39:58.718673+02:00] Looking for USER user_test_it_works_3, PASS 123456
[2021-05-05T15:39:58.741706+02:00] Looking for USER user_test_it_works_3
[2021-05-05T15:39:58.741845+02:00] Looking for USER user_test_it_works_3, PASS 123456
[2021-05-05T15:39:58.760614+02:00] Looking for USER user_01
[2021-05-05T15:39:58.760732+02:00] Looking for USER user_01, PASS 123456
[2021-05-05T15:39:58.763506+02:00] Looking for USER user_test_it_works_2
[2021-05-05T15:39:58.763614+02:00] Looking for USER user_test_it_works_2, PASS 123456
[2021-05-05T15:39:58.764037+02:00] Looking for USER user_test_it_works_3
[2021-05-05T15:39:58.764265+02:00] Looking for USER user_test_it_works_3, PASS 123456
[2021-05-05T15:39:58.790850+02:00] Looking for USER user_test_it_works_3
[2021-05-05T15:39:58.790978+02:00] Looking for USER user_test_it_works_3, PASS 123456
[2021-05-05T15:39:58.810997+02:00] Looking for USER user_01
[2021-05-05T15:39:58.811101+02:00] Looking for USER user_01, PASS 123456
[2021-05-05T15:39:58.816416+02:00] Looking for USER user_test_it_works_2
[2021-05-05T15:39:58.816521+02:00] Looking for USER user_test_it_works_2, PASS 123456
[2021-05-05T15:39:58.817232+02:00] Looking for USER user_test_it_works_3
[2021-05-05T15:39:58.817419+02:00] Looking for USER user_test_it_works_3, PASS 123456
[2021-05-05T15:39:58.840118+02:00] Looking for USER user_test_it_works_3
[2021-05-05T15:39:58.840225+02:00] Looking for USER user_test_it_works_3, PASS 123456
[2021-05-05T15:39:58.863597+02:00] Looking for USER user_01
[2021-05-05T15:39:58.863794+02:00] Looking for USER user_01, PASS 123456
[2021-05-05T15:39:58.865742+02:00] Looking for USER user_test_it_works_2
[2021-05-05T15:39:58.866015+02:00] Looking for USER user_test_it_works_2, PASS 123456
[2021-05-05T15:39:58.866719+02:00] Looking for USER user_test_it_works_3
[2021-05-05T15:39:58.866893+02:00] Looking for USER user_test_it_works_3, PASS 123456
[2021-05-05T15:39:58.889766+02:00] Looking for USER user_test_it_works_3
[2021-05-05T15:39:58.889895+02:00] Looking for USER user_test_it_works_3, PASS 123456
[2021-05-05T15:39:58.914917+02:00] Looking for USER user_test_it_works_2
[2021-05-05T15:39:58.915111+02:00] Looking for USER user_test_it_works_2, PASS 123456
[2021-05-05T15:39:58.915215+02:00] Looking for USER user_01
[2021-05-05T15:39:58.915388+02:00] Looking for USER user_01, PASS 123456
[2021-05-05T15:39:58.917049+02:00] Looking for USER user_test_it_works_3
[2021-05-05T15:39:58.917173+02:00] Looking for USER user_test_it_works_3, PASS 123456
[2021-05-05T15:39:58.942902+02:00] Looking for USER user_test_it_works_3
[2021-05-05T15:39:58.943003+02:00] Looking for USER user_test_it_works_3, PASS 123456
[2021-05-05T15:39:58.965269+02:00] Looking for USER user_01
[2021-05-05T15:39:58.965425+02:00] Looking for USER user_01, PASS 123456
[2021-05-05T15:39:58.965846+02:00] Looking for USER user_test_it_works_2
[2021-05-05T15:39:58.966107+02:00] Looking for USER user_test_it_works_2, PASS 123456
[2021-05-05T15:39:58.969513+02:00] Looking for USER user_test_it_works_3
[2021-05-05T15:39:58.969646+02:00] Looking for USER user_test_it_works_3, PASS 123456
[2021-05-05T15:39:58.992287+02:00] Looking for USER user_test_it_works_3
[2021-05-05T15:39:58.992398+02:00] Looking for USER user_test_it_works_3, PASS 123456
[2021-05-05T15:39:59.014901+02:00] Looking for USER user_01
[2021-05-05T15:39:59.015123+02:00] Looking for USER user_01, PASS 123456
[2021-05-05T15:39:59.015307+02:00] Looking for USER user_test_it_works_2
[2021-05-05T15:39:59.015522+02:00] Looking for USER user_test_it_works_2, PASS 123456
[2021-05-05T15:39:59.018605+02:00] Looking for USER user_test_it_works_3
[2021-05-05T15:39:59.018866+02:00] Looking for USER user_test_it_works_3, PASS 123456
[2021-05-05T15:39:59.045163+02:00] Looking for USER user_test_it_works_3
[2021-05-05T15:39:59.045275+02:00] Looking for USER user_test_it_works_3, PASS 123456
[2021-05-05T15:39:59.066606+02:00] Looking for USER user_test_it_works_2
[2021-05-05T15:39:59.066762+02:00] Looking for USER user_test_it_works_2, PASS 123456
[2021-05-05T15:39:59.066934+02:00] Looking for USER user_01
[2021-05-05T15:39:59.067186+02:00] Looking for USER user_01, PASS 123456
[2021-05-05T15:39:59.068420+02:00] Looking for USER user_test_it_works_3
[2021-05-05T15:39:59.068591+02:00] Looking for USER user_test_it_works_3, PASS 123456
[2021-05-05T15:39:59.095331+02:00] Looking for USER user_test_it_works_3
[2021-05-05T15:39:59.095437+02:00] Looking for USER user_test_it_works_3, PASS 123456
[2021-05-05T15:39:59.117336+02:00] Looking for USER user_test_it_works_2
[2021-05-05T15:39:59.117504+02:00] Looking for USER user_test_it_works_2, PASS 123456
[2021-05-05T15:39:59.120494+02:00] Looking for USER user_01
[2021-05-05T15:39:59.120626+02:00] Looking for USER user_01, PASS 123456
[2021-05-05T15:39:59.122239+02:00] Looking for USER user_test_it_works_3
[2021-05-05T15:39:59.122350+02:00] Looking for USER user_test_it_works_3, PASS 123456
[2021-05-05T15:39:59.148419+02:00] Looking for USER user_test_it_works_3
[2021-05-05T15:39:59.148549+02:00] Looking for USER user_test_it_works_3, PASS 123456
[2021-05-05T15:39:59.162821+02:00] Looking for USER user_test_it_works_2
[2021-05-05T15:39:59.162930+02:00] Looking for USER user_test_it_works_2, PASS 123456
[2021-05-05T15:39:59.169667+02:00] Looking for USER user_01
[2021-05-05T15:39:59.169834+02:00] Looking for USER user_01, PASS 123456
[2021-05-05T15:39:59.173258+02:00] Looking for USER user_test_it_works_3
[2021-05-05T15:39:59.173362+02:00] Looking for USER user_test_it_works_3, PASS 123456
[2021-05-05T15:39:59.200853+02:00] Looking for USER user_test_it_works_3
[2021-05-05T15:39:59.201012+02:00] Looking for USER user_test_it_works_3, PASS 123456
[2021-05-05T15:39:59.209551+02:00] Looking for USER user_test_it_works_2
[2021-05-05T15:39:59.209699+02:00] Looking for USER user_test_it_works_2, PASS 123456
[2021-05-05T15:39:59.218867+02:00] Looking for USER user_01
[2021-05-05T15:39:59.219008+02:00] Looking for USER user_01, PASS 123456
[2021-05-05T15:39:59.228517+02:00] Looking for USER user_test_it_works_3
[2021-05-05T15:39:59.228663+02:00] Looking for USER user_test_it_works_3, PASS 123456
[2021-05-05T15:39:59.255520+02:00] Looking for USER user_test_it_works_3
[2021-05-05T15:39:59.255620+02:00] Looking for USER user_test_it_works_3, PASS 123456
[2021-05-05T15:39:59.261819+02:00] Looking for USER user_test_it_works_2
[2021-05-05T15:39:59.261968+02:00] Looking for USER user_test_it_works_2, PASS 123456
[2021-05-05T15:39:59.266666+02:00] Looking for USER user_01
[2021-05-05T15:39:59.266781+02:00] Looking for USER user_01, PASS 123456
[2021-05-05T15:39:59.283087+02:00] Looking for USER user_test_it_works_3
[2021-05-05T15:39:59.283216+02:00] Looking for USER user_test_it_works_3, PASS 123456
[2021-05-05T15:39:59.305693+02:00] Looking for USER user_test_it_works_3
[2021-05-05T15:39:59.305843+02:00] Looking for USER user_test_it_works_3, PASS 123456
[2021-05-05T15:39:59.306014+02:00] Looking for USER user_test_it_works_2
[2021-05-05T15:39:59.306137+02:00] Looking for USER user_test_it_works_2, PASS 123456
[2021-05-05T15:39:59.315167+02:00] Looking for USER user_01
[2021-05-05T15:39:59.315297+02:00] Looking for USER user_01, PASS 123456
[2021-05-05T15:39:59.333873+02:00] Looking for USER user_test_it_works_3
[2021-05-05T15:39:59.334191+02:00] Looking for USER user_test_it_works_3, PASS 123456
[2021-05-05T15:39:59.355242+02:00] Looking for USER user_test_it_works_2
[2021-05-05T15:39:59.355355+02:00] Looking for USER user_test_it_works_2, PASS 123456
[2021-05-05T15:39:59.357553+02:00] Looking for USER user_test_it_works_3
[2021-05-05T15:39:59.357661+02:00] Looking for USER user_test_it_works_3, PASS 123456
[2021-05-05T15:39:59.367653+02:00] Looking for USER user_01
[2021-05-05T15:39:59.367773+02:00] Looking for USER user_01, PASS 123456
[2021-05-05T15:39:59.383930+02:00] Looking for USER user_test_it_works_3
[2021-05-05T15:39:59.384070+02:00] Looking for USER user_test_it_works_3, PASS 123456
[2021-05-05T15:39:59.407441+02:00] Looking for USER user_test_it_works_3
[2021-05-05T15:39:59.407554+02:00] Looking for USER user_test_it_works_3, PASS 123456
[2021-05-05T15:39:59.407980+02:00] Looking for USER user_test_it_works_2
[2021-05-05T15:39:59.408215+02:00] Looking for USER user_test_it_works_2, PASS 123456
[2021-05-05T15:39:59.412579+02:00] Looking for USER user_01
[2021-05-05T15:39:59.412683+02:00] Looking for USER user_01, PASS 123456
[2021-05-05T15:39:59.434203+02:00] Looking for USER user_test_it_works_3
[2021-05-05T15:39:59.434446+02:00] Looking for USER user_test_it_works_3, PASS 123456
[2021-05-05T15:39:59.462081+02:00] Looking for USER user_test_it_works_2
[2021-05-05T15:39:59.462231+02:00] Looking for USER user_test_it_works_2, PASS 123456
[2021-05-05T15:39:59.462436+02:00] Looking for USER user_01
[2021-05-05T15:39:59.462564+02:00] Looking for USER user_01, PASS 123456
[2021-05-05T15:39:59.463579+02:00] Looking for USER user_test_it_works_3
[2021-05-05T15:39:59.463719+02:00] Looking for USER user_test_it_works_3, PASS 123456
[2021-05-05T15:39:59.491988+02:00] Looking for USER user_test_it_works_3
[2021-05-05T15:39:59.492089+02:00] Looking for USER user_test_it_works_3, PASS 123456
[2021-05-05T15:39:59.515864+02:00] Looking for USER user_01
[2021-05-05T15:39:59.516003+02:00] Looking for USER user_01, PASS 123456
[2021-05-05T15:39:59.516105+02:00] Looking for USER user_test_it_works_2
[2021-05-05T15:39:59.516252+02:00] Looking for USER user_test_it_works_2, PASS 123456
[2021-05-05T15:39:59.518744+02:00] Looking for USER user_test_it_works_3
[2021-05-05T15:39:59.518922+02:00] Looking for USER user_test_it_works_3, PASS 123456
[2021-05-05T15:39:59.542333+02:00] Looking for USER user_test_it_works_3
[2021-05-05T15:39:59.542610+02:00] Looking for USER user_test_it_works_3, PASS 123456
[2021-05-05T15:39:59.568158+02:00] Looking for USER user_test_it_works_2
[2021-05-05T15:39:59.568522+02:00] Looking for USER user_test_it_works_2, PASS 123456
[2021-05-05T15:39:59.569053+02:00] Looking for USER user_01
[2021-05-05T15:39:59.569469+02:00] Looking for USER user_01, PASS 123456
[2021-05-05T15:39:59.569662+02:00] Looking for USER user_test_it_works_3
[2021-05-05T15:39:59.569827+02:00] Looking for USER user_test_it_works_3, PASS 123456
[2021-05-05T15:39:59.593828+02:00] Looking for USER user_test_it_works_3
[2021-05-05T15:39:59.594029+02:00] Looking for USER user_test_it_works_3, PASS 123456
[2021-05-05T15:39:59.620113+02:00] Looking for USER user_test_it_works_2
[2021-05-05T15:39:59.620227+02:00] Looking for USER user_test_it_works_2, PASS 123456
[2021-05-05T15:39:59.620324+02:00] Looking for USER user_01
[2021-05-05T15:39:59.620482+02:00] Looking for USER user_01, PASS 123456
[2021-05-05T15:39:59.620912+02:00] Looking for USER user_test_it_works_3
[2021-05-05T15:39:59.621043+02:00] Looking for USER user_test_it_works_3, PASS 123456
[2021-05-05T15:39:59.647427+02:00] Looking for USER user_test_it_works_3
[2021-05-05T15:39:59.647577+02:00] Looking for USER user_test_it_works_3, PASS 123456
[2021-05-05T15:39:59.671600+02:00] Looking for USER user_test_it_works_2
[2021-05-05T15:39:59.671771+02:00] Looking for USER user_test_it_works_2, PASS 123456
[2021-05-05T15:39:59.672902+02:00] Looking for USER user_01
[2021-05-05T15:39:59.673013+02:00] Looking for USER user_01, PASS 123456
[2021-05-05T15:39:59.674635+02:00] Looking for USER user_test_it_works_3
[2021-05-05T15:39:59.674735+02:00] Looking for USER user_test_it_works_3, PASS 123456
[2021-05-05T15:39:59.701396+02:00] Looking for USER user_test_it_works_3
[2021-05-05T15:39:59.701530+02:00] Looking for USER user_test_it_works_3, PASS 123456
[2021-05-05T15:39:59.719888+02:00] Looking for USER user_01
[2021-05-05T15:39:59.720082+02:00] Looking for USER user_01, PASS 123456
[2021-05-05T15:39:59.722676+02:00] Looking for USER user_test_it_works_2
[2021-05-05T15:39:59.722837+02:00] Looking for USER user_test_it_works_2, PASS 123456
[2021-05-05T15:39:59.727944+02:00] Looking for USER user_test_it_works_3
[2021-05-05T15:39:59.728054+02:00] Looking for USER user_test_it_works_3, PASS 123456
[2021-05-05T15:39:59.755541+02:00] Looking for USER user_test_it_works_3
[2021-05-05T15:39:59.755648+02:00] Looking for USER user_test_it_works_3, PASS 123456
[2021-05-05T15:39:59.764617+02:00] Looking for USER user_01
[2021-05-05T15:39:59.764757+02:00] Looking for USER user_01, PASS 123456
[2021-05-05T15:39:59.771600+02:00] Looking for USER user_test_it_works_2
[2021-05-05T15:39:59.771704+02:00] Looking for USER user_test_it_works_2, PASS 123456
[2021-05-05T15:39:59.783117+02:00] Looking for USER user_test_it_works_3
[2021-05-05T15:39:59.783283+02:00] Looking for USER user_test_it_works_3, PASS 123456
[2021-05-05T15:39:59.810154+02:00] Looking for USER user_test_it_works_3
[2021-05-05T15:39:59.810264+02:00] Looking for USER user_test_it_works_3, PASS 123456
[2021-05-05T15:39:59.815700+02:00] Looking for USER user_01
[2021-05-05T15:39:59.815806+02:00] Looking for USER user_01, PASS 123456
[2021-05-05T15:39:59.820627+02:00] Looking for USER user_test_it_works_2
[2021-05-05T15:39:59.820787+02:00] Looking for USER user_test_it_works_2, PASS 123456
[2021-05-05T15:39:59.835618+02:00] Looking for USER user_test_it_works_3
[2021-05-05T15:39:59.835754+02:00] Looking for USER user_test_it_works_3, PASS 123456
[2021-05-05T15:39:59.867231+02:00] Looking for USER user_01
[2021-05-05T15:39:59.867348+02:00] Looking for USER user_01, PASS 123456
[2021-05-05T15:39:59.872838+02:00] Looking for USER user_test_it_works_2
[2021-05-05T15:39:59.872959+02:00] Looking for USER user_test_it_works_2, PASS 123456
[2021-05-05T15:39:59.913484+02:00] Looking for USER user_01
[2021-05-05T15:39:59.913614+02:00] Looking for USER user_01, PASS 123456
[2021-05-05T15:39:59.920138+02:00] Looking for USER user_test_it_works_2
[2021-05-05T15:39:59.920308+02:00] Looking for USER user_test_it_works_2, PASS 123456
[2021-05-05T15:39:59.965131+02:00] Looking for USER user_01
[2021-05-05T15:39:59.965306+02:00] Looking for USER user_01, PASS 123456
[2021-05-05T15:39:59.972413+02:00] Looking for USER user_test_it_works_2
[2021-05-05T15:39:59.972546+02:00] Looking for USER user_test_it_works_2, PASS 123456
[2021-05-05T15:40:00.018426+02:00] Looking for USER user_01
[2021-05-05T15:40:00.018687+02:00] Looking for USER user_01, PASS 123456
[2021-05-05T15:40:00.023956+02:00] Looking for USER user_test_it_works_2
[2021-05-05T15:40:00.024074+02:00] Looking for USER user_test_it_works_2, PASS 123456
[2021-05-05T15:40:00.071458+02:00] Looking for USER user_test_it_works_2
[2021-05-05T15:40:00.071607+02:00] Looking for USER user_test_it_works_2, PASS 123456
[2021-05-05T15:40:00.073709+02:00] Looking for USER user_01
[2021-05-05T15:40:00.073856+02:00] Looking for USER user_01, PASS 123456
[2021-05-05T15:40:00.124149+02:00] Looking for USER user_01
[2021-05-05T15:40:00.124273+02:00] Looking for USER user_01, PASS 123456
[2021-05-05T15:40:00.124389+02:00] Looking for USER user_test_it_works_2
[2021-05-05T15:40:00.124605+02:00] Looking for USER user_test_it_works_2, PASS 123456
[2021-05-05T15:40:00.178867+02:00] Looking for USER user_01
[2021-05-05T15:40:00.179047+02:00] Looking for USER user_01, PASS 123456
[2021-05-05T15:40:00.179228+02:00] Looking for USER user_test_it_works_2
[2021-05-05T15:40:00.179398+02:00] Looking for USER user_test_it_works_2, PASS 123456
[2021-05-05T15:40:00.229756+02:00] Looking for USER user_01
[2021-05-05T15:40:00.229934+02:00] Looking for USER user_01, PASS 123456
[2021-05-05T15:40:00.230132+02:00] Looking for USER user_test_it_works_2
[2021-05-05T15:40:00.230311+02:00] Looking for USER user_test_it_works_2, PASS 123456
[2021-05-05T15:40:00.283399+02:00] Looking for USER user_01
[2021-05-05T15:40:00.283554+02:00] Looking for USER user_01, PASS 123456
[2021-05-05T15:40:00.283750+02:00] Looking for USER user_test_it_works_2
[2021-05-05T15:40:00.283876+02:00] Looking for USER user_test_it_works_2, PASS 123456
[2021-05-05T15:40:00.334126+02:00] Looking for USER user_test_it_works_2
[2021-05-05T15:40:00.334361+02:00] Looking for USER user_test_it_works_2, PASS 123456
[2021-05-05T15:40:00.336793+02:00] Looking for USER user_01
[2021-05-05T15:40:00.336997+02:00] Looking for USER user_01, PASS 123456
[2021-05-05T15:40:00.384114+02:00] Looking for USER user_01
[2021-05-05T15:40:00.384263+02:00] Looking for USER user_01, PASS 123456
[2021-05-05T15:40:00.387161+02:00] Looking for USER user_test_it_works_2
[2021-05-05T15:40:00.387276+02:00] Looking for USER user_test_it_works_2, PASS 123456
[2021-05-05T15:40:00.438273+02:00] Looking for USER user_01
[2021-05-05T15:40:00.438445+02:00] Looking for USER user_01, PASS 123456
[2021-05-05T15:40:00.438640+02:00] Looking for USER user_test_it_works_2
[2021-05-05T15:40:00.438851+02:00] Looking for USER user_test_it_works_2, PASS 123456
[2021-05-05T15:40:00.489123+02:00] Looking for USER user_test_it_works_2
[2021-05-05T15:40:00.489311+02:00] Looking for USER user_test_it_works_2, PASS 123456
[2021-05-05T15:40:00.489535+02:00] Looking for USER user_01
[2021-05-05T15:40:00.489880+02:00] Looking for USER user_01, PASS 123456
[2021-05-05T15:40:00.540830+02:00] Looking for USER user_01
[2021-05-05T15:40:00.540986+02:00] Looking for USER user_01, PASS 123456
[2021-05-05T15:40:00.541101+02:00] Looking for USER user_test_it_works_2
[2021-05-05T15:40:00.541257+02:00] Looking for USER user_test_it_works_2, PASS 123456
[2021-05-05T15:40:00.592170+02:00] Looking for USER user_01
[2021-05-05T15:40:00.592288+02:00] Looking for USER user_01, PASS 123456
[2021-05-05T15:40:00.592421+02:00] Looking for USER user_test_it_works_2
[2021-05-05T15:40:00.592550+02:00] Looking for USER user_test_it_works_2, PASS 123456
[2021-05-05T15:40:00.643631+02:00] Looking for USER user_01
[2021-05-05T15:40:00.643791+02:00] Looking for USER user_01, PASS 123456
[2021-05-05T15:40:00.643933+02:00] Looking for USER user_test_it_works_2
[2021-05-05T15:40:00.644113+02:00] Looking for USER user_test_it_works_2, PASS 123456
[2021-05-05T15:40:00.695098+02:00] Looking for USER user_01
[2021-05-05T15:40:00.695228+02:00] Looking for USER user_01, PASS 123456
[2021-05-05T15:40:00.695335+02:00] Looking for USER user_test_it_works_2
[2021-05-05T15:40:00.695465+02:00] Looking for USER user_test_it_works_2, PASS 123456
[2021-05-05T15:40:00.749010+02:00] Looking for USER user_01
[2021-05-05T15:40:00.749124+02:00] Looking for USER user_01, PASS 123456
[2021-05-05T15:40:00.749223+02:00] Looking for USER user_test_it_works_2
[2021-05-05T15:40:00.749398+02:00] Looking for USER user_test_it_works_2, PASS 123456
[2021-05-05T15:40:00.802759+02:00] Looking for USER user_01
[2021-05-05T15:40:00.802942+02:00] Looking for USER user_01, PASS 123456
[2021-05-05T15:40:00.803734+02:00] Looking for USER user_test_it_works_2
[2021-05-05T15:40:00.803882+02:00] Looking for USER user_test_it_works_2, PASS 123456
[2021-05-05T15:40:00.852924+02:00] Looking for USER user_test_it_works_2
[2021-05-05T15:40:00.853170+02:00] Looking for USER user_test_it_works_2, PASS 123456
[2021-05-05T15:40:00.856829+02:00] Looking for USER user_01
[2021-05-05T15:40:00.856975+02:00] Looking for USER user_01, PASS 123456
[2021-05-05T15:40:00.905560+02:00] Looking for USER user_test_it_works_2
[2021-05-05T15:40:00.905709+02:00] Looking for USER user_test_it_works_2, PASS 123456
[2021-05-05T15:40:00.910179+02:00] Looking for USER user_01
[2021-05-05T15:40:00.910314+02:00] Looking for USER user_01, PASS 123456
[2021-05-05T15:40:00.958769+02:00] Looking for USER user_01
[2021-05-05T15:40:00.958910+02:00] Looking for USER user_01, PASS 123456
[2021-05-05T15:40:00.959054+02:00] Looking for USER user_test_it_works_2
[2021-05-05T15:40:00.959227+02:00] Looking for USER user_test_it_works_2, PASS 123456
[2021-05-05T15:40:01.007279+02:00] Looking for USER user_01
[2021-05-05T15:40:01.007475+02:00] Looking for USER user_01, PASS 123456
[2021-05-05T15:40:01.009827+02:00] Looking for USER user_test_it_works_2
[2021-05-05T15:40:01.009944+02:00] Looking for USER user_test_it_works_2, PASS 123456
[2021-05-05T15:40:01.061869+02:00] Looking for USER user_test_it_works_2
[2021-05-05T15:40:01.062041+02:00] Looking for USER user_test_it_works_2, PASS 123456
[2021-05-05T15:40:01.062184+02:00] Looking for USER user_01
[2021-05-05T15:40:01.062354+02:00] Looking for USER user_01, PASS 123456
[2021-05-05T15:40:01.112220+02:00] Looking for USER user_test_it_works_2
[2021-05-05T15:40:01.112329+02:00] Looking for USER user_test_it_works_2, PASS 123456
[2021-05-05T15:40:01.112428+02:00] Looking for USER user_01
[2021-05-05T15:40:01.112547+02:00] Looking for USER user_01, PASS 123456
[2021-05-05T15:40:01.160526+02:00] Looking for USER user_01
[2021-05-05T15:40:01.160638+02:00] Looking for USER user_01, PASS 123456
[2021-05-05T15:40:01.160741+02:00] Looking for USER user_test_it_works_2
[2021-05-05T15:40:01.160913+02:00] Looking for USER user_test_it_works_2, PASS 123456
[2021-05-05T15:40:01.214014+02:00] Looking for USER user_test_it_works_2
[2021-05-05T15:40:01.214203+02:00] Looking for USER user_test_it_works_2, PASS 123456
[2021-05-05T15:40:01.214342+02:00] Looking for USER user_01
[2021-05-05T15:40:01.214548+02:00] Looking for USER user_01, PASS 123456
[2021-05-05T15:40:01.268143+02:00] Looking for USER user_test_it_works_2
[2021-05-05T15:40:01.268419+02:00] Looking for USER user_test_it_works_2, PASS 123456
[2021-05-05T15:40:01.268621+02:00] Looking for USER user_01
[2021-05-05T15:40:01.268981+02:00] Looking for USER user_01, PASS 123456
[2021-05-05T15:40:01.318350+02:00] Looking for USER user_test_it_works_2
[2021-05-05T15:40:01.318679+02:00] Looking for USER user_test_it_works_2, PASS 123456
[2021-05-05T15:40:01.322413+02:00] Looking for USER user_01
[2021-05-05T15:40:01.322568+02:00] Looking for USER user_01, PASS 123456
[2021-05-05T15:40:01.373558+02:00] Looking for USER user_test_it_works_2
[2021-05-05T15:40:01.373816+02:00] Looking for USER user_test_it_works_2, PASS 123456
[2021-05-05T15:40:01.375379+02:00] Looking for USER user_01
[2021-05-05T15:40:01.375618+02:00] Looking for USER user_01, PASS 123456
[2021-05-05T15:40:01.419131+02:00] Looking for USER user_test_it_works_2
[2021-05-05T15:40:01.419304+02:00] Looking for USER user_test_it_works_2, PASS 123456
[2021-05-05T15:40:01.425547+02:00] Looking for USER user_01
[2021-05-05T15:40:01.425662+02:00] Looking for USER user_01, PASS 123456
[2021-05-05T15:40:01.473754+02:00] Looking for USER user_test_it_works_2
[2021-05-05T15:40:01.473868+02:00] Looking for USER user_test_it_works_2, PASS 123456
[2021-05-05T15:40:01.476831+02:00] Looking for USER user_01
[2021-05-05T15:40:01.476943+02:00] Looking for USER user_01, PASS 123456
[2021-05-05T15:40:01.526508+02:00] Looking for USER user_01
[2021-05-05T15:40:01.526617+02:00] Looking for USER user_01, PASS 123456
[2021-05-05T15:40:01.526738+02:00] Looking for USER user_test_it_works_2
[2021-05-05T15:40:01.526829+02:00] Looking for USER user_test_it_works_2, PASS 123456
[2021-05-05T15:40:01.575102+02:00] Looking for USER user_test_it_works_2
[2021-05-05T15:40:01.575254+02:00] Looking for USER user_test_it_works_2, PASS 123456
[2021-05-05T15:40:01.575875+02:00] Looking for USER user_01
[2021-05-05T15:40:01.576006+02:00] Looking for USER user_01, PASS 123456
[2021-05-05T15:40:01.624939+02:00] Looking for USER user_test_it_works_2
[2021-05-05T15:40:01.625082+02:00] Looking for USER user_test_it_works_2, PASS 123456
[2021-05-05T15:40:01.628395+02:00] Looking for USER user_01
[2021-05-05T15:40:01.628505+02:00] Looking for USER user_01, PASS 123456
[2021-05-05T15:40:01.674751+02:00] Looking for USER user_test_it_works_2
[2021-05-05T15:40:01.674861+02:00] Looking for USER user_test_it_works_2, PASS 123456
[2021-05-05T15:40:01.679892+02:00] Looking for USER user_01
[2021-05-05T15:40:01.679997+02:00] Looking for USER user_01, PASS 123456
[2021-05-05T15:40:01.731254+02:00] Looking for USER user_test_it_works_2
[2021-05-05T15:40:01.731433+02:00] Looking for USER user_test_it_works_2, PASS 123456
[2021-05-05T15:40:01.731606+02:00] Looking for USER user_01
[2021-05-05T15:40:01.731885+02:00] Looking for USER user_01, PASS 123456
[2021-05-05T15:40:01.784717+02:00] Looking for USER user_test_it_works_2
[2021-05-05T15:40:01.784902+02:00] Looking for USER user_test_it_works_2, PASS 123456
[2021-05-05T15:40:01.785091+02:00] Looking for USER user_01
[2021-05-05T15:40:01.785306+02:00] Looking for USER user_01, PASS 123456
[2021-05-05T15:40:01.830028+02:00] Looking for USER user_01
[2021-05-05T15:40:01.830165+02:00] Looking for USER user_01, PASS 123456
[2021-05-05T15:40:01.833954+02:00] Looking for USER user_test_it_works_2
[2021-05-05T15:40:01.834100+02:00] Looking for USER user_test_it_works_2, PASS 123456
[2021-05-05T15:40:01.876734+02:00] Looking for USER user_01
[2021-05-05T15:40:01.876921+02:00] Looking for USER user_01, PASS 123456
[2021-05-05T15:40:01.882612+02:00] Looking for USER user_test_it_works_2
[2021-05-05T15:40:01.882740+02:00] Looking for USER user_test_it_works_2, PASS 123456
[2021-05-05T15:40:01.924149+02:00] Looking for USER user_01
[2021-05-05T15:40:01.924265+02:00] Looking for USER user_01, PASS 123456
[2021-05-05T15:40:01.935685+02:00] Looking for USER user_test_it_works_2
[2021-05-05T15:40:01.935823+02:00] Looking for USER user_test_it_works_2, PASS 123456
[2021-05-05T15:40:01.976702+02:00] Looking for USER user_01
[2021-05-05T15:40:01.976841+02:00] Looking for USER user_01, PASS 123456
[2021-05-05T15:40:01.983952+02:00] Looking for USER user_test_it_works_2
[2021-05-05T15:40:01.984089+02:00] Looking for USER user_test_it_works_2, PASS 123456
[2021-05-05T15:40:02.026140+02:00] Looking for USER user_01
[2021-05-05T15:40:02.026253+02:00] Looking for USER user_01, PASS 123456
[2021-05-05T15:40:02.035264+02:00] Looking for USER user_test_it_works_2
[2021-05-05T15:40:02.035385+02:00] Looking for USER user_test_it_works_2, PASS 123456
[2021-05-05T15:40:02.078094+02:00] Looking for USER user_01
[2021-05-05T15:40:02.078377+02:00] Looking for USER user_01, PASS 123456
[2021-05-05T15:40:02.089179+02:00] Looking for USER user_test_it_works_2
[2021-05-05T15:40:02.089405+02:00] Looking for USER user_test_it_works_2, PASS 123456
[2021-05-05T15:40:02.128958+02:00] Looking for USER user_01
[2021-05-05T15:40:02.129119+02:00] Looking for USER user_01, PASS 123456
[2021-05-05T15:40:02.138783+02:00] Looking for USER user_test_it_works_2
[2021-05-05T15:40:02.139045+02:00] Looking for USER user_test_it_works_2, PASS 123456
[2021-05-05T15:40:02.175883+02:00] Looking for USER user_01
[2021-05-05T15:40:02.175990+02:00] Looking for USER user_01, PASS 123456
[2021-05-05T15:40:02.186286+02:00] Looking for USER user_test_it_works_2
[2021-05-05T15:40:02.186397+02:00] Looking for USER user_test_it_works_2, PASS 123456
[2021-05-05T15:40:02.222134+02:00] Looking for USER user_01
[2021-05-05T15:40:02.222292+02:00] Looking for USER user_01, PASS 123456
[2021-05-05T15:40:02.236279+02:00] Looking for USER user_test_it_works_2
[2021-05-05T15:40:02.236438+02:00] Looking for USER user_test_it_works_2, PASS 123456
[2021-05-05T15:40:02.271922+02:00] Looking for USER user_01
[2021-05-05T15:40:02.272032+02:00] Looking for USER user_01, PASS 123456
[2021-05-05T15:40:02.285824+02:00] Looking for USER user_test_it_works_2
[2021-05-05T15:40:02.285991+02:00] Looking for USER user_test_it_works_2, PASS 123456
[2021-05-05T15:40:02.322571+02:00] Looking for USER user_01
[2021-05-05T15:40:02.322685+02:00] Looking for USER user_01, PASS 123456
[2021-05-05T15:40:02.339385+02:00] Looking for USER user_test_it_works_2
[2021-05-05T15:40:02.339510+02:00] Looking for USER user_test_it_works_2, PASS 123456
